<?xml version="1.0" encoding="UTF-8"?>
<!-- Generated by org.testng.reporters.JUnitReportReporter -->
<testsuite skipped="0" hostname="DSK278-P1" name="tests.Demo2" tests="1" failures="0" timestamp="11 Dec 2019 12:16:31 GMT" time="3.609" errors="0">
  <testcase name="sampleTest" time="3.609" classname="tests.Demo2"/>
</testsuite> <!-- tests.Demo2 -->
